c:\users\sierra\onedrive - full sail university\previous classes\gdd-258\saiph\debug\saiph.bsc
c:\users\shast\onedrive - full sail university\gdd-258\saiph\debug\vc142.pdb
c:\users\shast\onedrive - full sail university\gdd-258\saiph\debug\vc142.idb
c:\users\shast\onedrive - full sail university\gdd-258\saiph\debug\entrystate.sbr
c:\users\shast\onedrive - full sail university\gdd-258\saiph\debug\exitstate.sbr
c:\users\shast\onedrive - full sail university\gdd-258\saiph\debug\menustate.sbr
c:\users\shast\onedrive - full sail university\gdd-258\saiph\debug\baseobject.sbr
c:\users\shast\onedrive - full sail university\gdd-258\saiph\debug\boss.sbr
c:\users\shast\onedrive - full sail university\gdd-258\saiph\debug\bullet.sbr
c:\users\shast\onedrive - full sail university\gdd-258\saiph\debug\deflector.sbr
c:\users\shast\onedrive - full sail university\gdd-258\saiph\debug\effect.sbr
c:\users\shast\onedrive - full sail university\gdd-258\saiph\debug\enemy.sbr
c:\users\shast\onedrive - full sail university\gdd-258\saiph\debug\hud.sbr
c:\users\shast\onedrive - full sail university\gdd-258\saiph\debug\menu.sbr
c:\users\shast\onedrive - full sail university\gdd-258\saiph\debug\movingobject.sbr
c:\users\shast\onedrive - full sail university\gdd-258\saiph\debug\powerup.sbr
c:\users\shast\onedrive - full sail university\gdd-258\saiph\debug\progressbar.sbr
c:\users\shast\onedrive - full sail university\gdd-258\saiph\debug\ship.sbr
c:\users\shast\onedrive - full sail university\gdd-258\saiph\debug\spawnpoint.sbr
c:\users\shast\onedrive - full sail university\gdd-258\saiph\debug\levelstate.sbr
c:\users\shast\onedrive - full sail university\gdd-258\saiph\debug\randomfloat.sbr
c:\users\shast\onedrive - full sail university\gdd-258\saiph\debug\saiphapp.sbr
c:\users\shast\onedrive - full sail university\gdd-258\saiph\debug\shopstate.sbr
c:\users\shast\onedrive - full sail university\gdd-258\saiph\debug\shopstate.obj
c:\users\shast\onedrive - full sail university\gdd-258\saiph\debug\saiphapp.obj
c:\users\shast\onedrive - full sail university\gdd-258\saiph\debug\randomfloat.obj
c:\users\shast\onedrive - full sail university\gdd-258\saiph\debug\levelstate.obj
c:\users\shast\onedrive - full sail university\gdd-258\saiph\debug\spawnpoint.obj
c:\users\shast\onedrive - full sail university\gdd-258\saiph\debug\ship.obj
c:\users\shast\onedrive - full sail university\gdd-258\saiph\debug\progressbar.obj
c:\users\shast\onedrive - full sail university\gdd-258\saiph\debug\powerup.obj
c:\users\shast\onedrive - full sail university\gdd-258\saiph\debug\movingobject.obj
c:\users\shast\onedrive - full sail university\gdd-258\saiph\debug\menu.obj
c:\users\shast\onedrive - full sail university\gdd-258\saiph\debug\hud.obj
c:\users\shast\onedrive - full sail university\gdd-258\saiph\debug\enemy.obj
c:\users\shast\onedrive - full sail university\gdd-258\saiph\debug\effect.obj
c:\users\shast\onedrive - full sail university\gdd-258\saiph\debug\deflector.obj
c:\users\shast\onedrive - full sail university\gdd-258\saiph\debug\bullet.obj
c:\users\shast\onedrive - full sail university\gdd-258\saiph\debug\boss.obj
c:\users\shast\onedrive - full sail university\gdd-258\saiph\debug\baseobject.obj
c:\users\shast\onedrive - full sail university\gdd-258\saiph\debug\menustate.obj
c:\users\shast\onedrive - full sail university\gdd-258\saiph\debug\exitstate.obj
c:\users\shast\onedrive - full sail university\gdd-258\saiph\debug\entrystate.obj
c:\users\shast\onedrive - full sail university\gdd-258\saiph\debug\layer.sbr
c:\users\shast\onedrive - full sail university\gdd-258\saiph\debug\viewmanager.sbr
c:\users\shast\onedrive - full sail university\gdd-258\saiph\debug\viewmanager.obj
c:\users\shast\onedrive - full sail university\gdd-258\saiph\debug\layer.obj
c:\users\shast\onedrive - full sail university\gdd-258\saiph\debug\basecommand.sbr
c:\users\shast\onedrive - full sail university\gdd-258\saiph\debug\headingcommand.sbr
c:\users\shast\onedrive - full sail university\gdd-258\saiph\debug\mothership.sbr
c:\users\shast\onedrive - full sail university\gdd-258\saiph\debug\mothership.obj
c:\users\shast\onedrive - full sail university\gdd-258\saiph\debug\headingcommand.obj
c:\users\shast\onedrive - full sail university\gdd-258\saiph\debug\basecommand.obj
c:\users\shast\onedrive - full sail university\gdd-258\saiph\debug\velocitycommand.sbr
c:\users\shast\onedrive - full sail university\gdd-258\saiph\debug\velocitycommand.obj
c:\users\shast\onedrive - full sail university\gdd-258\saiph\debug\saiph.pch
c:\users\shast\onedrive - full sail university\gdd-258\saiph\debug\main.sbr
c:\users\shast\onedrive - full sail university\gdd-258\saiph\debug\main.obj
c:\users\shast\onedrive - full sail university\gdd-258\saiph\debug\stickybomb.sbr
c:\users\shast\onedrive - full sail university\gdd-258\saiph\debug\stickybomb.obj
c:\users\shast\onedrive - full sail university\gdd-258\saiph\debug\subject.sbr
c:\users\shast\onedrive - full sail university\gdd-258\saiph\debug\subject.obj
c:\users\shast\onedrive - full sail university\gdd-258\saiph\debug\irrxml.sbr
c:\users\shast\onedrive - full sail university\gdd-258\saiph\debug\irrxml.obj
c:\users\shast\onedrive - full sail university\gdd-258\saiph\debug\behavior.sbr
c:\users\shast\onedrive - full sail university\gdd-258\saiph\debug\behavior.obj
c:\users\sierra\onedrive - full sail university\previous classes\gdd-258\saiph\debug\saiph.pch
c:\users\sierra\onedrive - full sail university\previous classes\gdd-258\saiph\debug\vc143.pdb
c:\users\sierra\onedrive - full sail university\previous classes\gdd-258\saiph\debug\vc143.idb
c:\users\sierra\onedrive - full sail university\previous classes\gdd-258\saiph\debug\main.sbr
c:\users\sierra\onedrive - full sail university\previous classes\gdd-258\saiph\debug\main.obj
c:\users\sierra\onedrive - full sail university\previous classes\gdd-258\saiph\debug\basecommand.sbr
c:\users\sierra\onedrive - full sail university\previous classes\gdd-258\saiph\debug\entrystate.sbr
c:\users\sierra\onedrive - full sail university\previous classes\gdd-258\saiph\debug\exitstate.sbr
c:\users\sierra\onedrive - full sail university\previous classes\gdd-258\saiph\debug\headingcommand.sbr
c:\users\sierra\onedrive - full sail university\previous classes\gdd-258\saiph\debug\menustate.sbr
c:\users\sierra\onedrive - full sail university\previous classes\gdd-258\saiph\debug\baseobject.sbr
c:\users\sierra\onedrive - full sail university\previous classes\gdd-258\saiph\debug\boss.sbr
c:\users\sierra\onedrive - full sail university\previous classes\gdd-258\saiph\debug\bullet.sbr
c:\users\sierra\onedrive - full sail university\previous classes\gdd-258\saiph\debug\deflector.sbr
c:\users\sierra\onedrive - full sail university\previous classes\gdd-258\saiph\debug\effect.sbr
c:\users\sierra\onedrive - full sail university\previous classes\gdd-258\saiph\debug\enemy.sbr
c:\users\sierra\onedrive - full sail university\previous classes\gdd-258\saiph\debug\hud.sbr
c:\users\sierra\onedrive - full sail university\previous classes\gdd-258\saiph\debug\menu.sbr
c:\users\sierra\onedrive - full sail university\previous classes\gdd-258\saiph\debug\movingobject.sbr
c:\users\sierra\onedrive - full sail university\previous classes\gdd-258\saiph\debug\powerup.sbr
c:\users\sierra\onedrive - full sail university\previous classes\gdd-258\saiph\debug\progressbar.sbr
c:\users\sierra\onedrive - full sail university\previous classes\gdd-258\saiph\debug\ship.sbr
c:\users\sierra\onedrive - full sail university\previous classes\gdd-258\saiph\debug\spawnpoint.sbr
c:\users\sierra\onedrive - full sail university\previous classes\gdd-258\saiph\debug\levelstate.sbr
c:\users\sierra\onedrive - full sail university\previous classes\gdd-258\saiph\debug\stickybomb.sbr
c:\users\sierra\onedrive - full sail university\previous classes\gdd-258\saiph\debug\stickybomb.obj
c:\users\sierra\onedrive - full sail university\previous classes\gdd-258\saiph\debug\levelstate.obj
c:\users\sierra\onedrive - full sail university\previous classes\gdd-258\saiph\debug\spawnpoint.obj
c:\users\sierra\onedrive - full sail university\previous classes\gdd-258\saiph\debug\ship.obj
c:\users\sierra\onedrive - full sail university\previous classes\gdd-258\saiph\debug\progressbar.obj
c:\users\sierra\onedrive - full sail university\previous classes\gdd-258\saiph\debug\powerup.obj
c:\users\sierra\onedrive - full sail university\previous classes\gdd-258\saiph\debug\movingobject.obj
c:\users\sierra\onedrive - full sail university\previous classes\gdd-258\saiph\debug\menu.obj
c:\users\sierra\onedrive - full sail university\previous classes\gdd-258\saiph\debug\hud.obj
c:\users\sierra\onedrive - full sail university\previous classes\gdd-258\saiph\debug\enemy.obj
c:\users\sierra\onedrive - full sail university\previous classes\gdd-258\saiph\debug\effect.obj
c:\users\sierra\onedrive - full sail university\previous classes\gdd-258\saiph\debug\deflector.obj
c:\users\sierra\onedrive - full sail university\previous classes\gdd-258\saiph\debug\bullet.obj
c:\users\sierra\onedrive - full sail university\previous classes\gdd-258\saiph\debug\boss.obj
c:\users\sierra\onedrive - full sail university\previous classes\gdd-258\saiph\debug\baseobject.obj
c:\users\sierra\onedrive - full sail university\previous classes\gdd-258\saiph\debug\menustate.obj
c:\users\sierra\onedrive - full sail university\previous classes\gdd-258\saiph\debug\headingcommand.obj
c:\users\sierra\onedrive - full sail university\previous classes\gdd-258\saiph\debug\exitstate.obj
c:\users\sierra\onedrive - full sail university\previous classes\gdd-258\saiph\debug\entrystate.obj
c:\users\sierra\onedrive - full sail university\previous classes\gdd-258\saiph\debug\basecommand.obj
c:\users\sierra\onedrive - full sail university\previous classes\gdd-258\saiph\debug\subject.sbr
c:\users\sierra\onedrive - full sail university\previous classes\gdd-258\saiph\debug\mothership.sbr
c:\users\sierra\onedrive - full sail university\previous classes\gdd-258\saiph\debug\randomfloat.sbr
c:\users\sierra\onedrive - full sail university\previous classes\gdd-258\saiph\debug\saiphapp.sbr
c:\users\sierra\onedrive - full sail university\previous classes\gdd-258\saiph\debug\shopstate.sbr
c:\users\sierra\onedrive - full sail university\previous classes\gdd-258\saiph\debug\velocitycommand.sbr
c:\users\sierra\onedrive - full sail university\previous classes\gdd-258\saiph\debug\layer.sbr
c:\users\sierra\onedrive - full sail university\previous classes\gdd-258\saiph\debug\viewmanager.sbr
c:\users\sierra\onedrive - full sail university\previous classes\gdd-258\saiph\debug\viewmanager.obj
c:\users\sierra\onedrive - full sail university\previous classes\gdd-258\saiph\debug\layer.obj
c:\users\sierra\onedrive - full sail university\previous classes\gdd-258\saiph\debug\velocitycommand.obj
c:\users\sierra\onedrive - full sail university\previous classes\gdd-258\saiph\debug\shopstate.obj
c:\users\sierra\onedrive - full sail university\previous classes\gdd-258\saiph\debug\saiphapp.obj
c:\users\sierra\onedrive - full sail university\previous classes\gdd-258\saiph\debug\randomfloat.obj
c:\users\sierra\onedrive - full sail university\previous classes\gdd-258\saiph\debug\mothership.obj
c:\users\sierra\onedrive - full sail university\previous classes\gdd-258\saiph\debug\subject.obj
c:\users\sierra\onedrive - full sail university\previous classes\gdd-258\saiph\debug\irrxml.sbr
c:\users\sierra\onedrive - full sail university\previous classes\gdd-258\saiph\debug\irrxml.obj
c:\users\shast\onedrive - full sail university\gdd-258\saiph\debug\saiph.exe
c:\users\shast\onedrive - full sail university\gdd-258\saiph\debug\saiph.ilk
c:\users\shast\onedrive - full sail university\gdd-258\saiph\debug\saiph.pdb
c:\users\sierra\onedrive - full sail university\previous classes\gdd-258\saiph\debug\saiph.ilk
c:\users\sierra\onedrive - full sail university\previous classes\gdd-258\saiph\debug\saiph.exe
c:\users\sierra\onedrive - full sail university\previous classes\gdd-258\saiph\debug\saiph.pdb
c:\users\shast\onedrive - full sail university\gdd-258\saiph\debug\saiph.res
c:\users\sierra\onedrive - full sail university\previous classes\gdd-258\saiph\debug\saiph.res
c:\users\sierra\onedrive - full sail university\previous classes\gdd-258\saiph\debug\behavior.obj
c:\users\sierra\onedrive - full sail university\previous classes\gdd-258\saiph\debug\fstrategy.exp
c:\users\sierra\onedrive - full sail university\previous classes\gdd-258\saiph\debug\gstrategy.exp
c:\users\sierra\onedrive - full sail university\previous classes\gdd-258\saiph\debug\vc142.idb
c:\users\sierra\onedrive - full sail university\previous classes\gdd-258\saiph\debug\fstrategy.pdb
c:\users\sierra\onedrive - full sail university\previous classes\gdd-258\saiph\debug\gstrategy.pdb
c:\users\sierra\onedrive - full sail university\previous classes\gdd-258\saiph\debug\unittester.pdb
c:\users\sierra\onedrive - full sail university\previous classes\gdd-258\saiph\debug\vc142.pdb
c:\users\sierra\onedrive - full sail university\previous classes\gdd-258\saiph\debug\unittester.bsc
c:\users\sierra\onedrive - full sail university\previous classes\gdd-258\saiph\debug\behavior.sbr
c:\users\sierra\onedrive - full sail university\previous classes\gdd-258\saiph\debug\saiph.tlog\bscmake.command.1.tlog
c:\users\sierra\onedrive - full sail university\previous classes\gdd-258\saiph\debug\saiph.tlog\bscmake.read.1.tlog
c:\users\sierra\onedrive - full sail university\previous classes\gdd-258\saiph\debug\saiph.tlog\bscmake.write.1.tlog
c:\users\sierra\onedrive - full sail university\previous classes\gdd-258\saiph\debug\saiph.tlog\cl.command.1.tlog
c:\users\sierra\onedrive - full sail university\previous classes\gdd-258\saiph\debug\saiph.tlog\cl.read.1.tlog
c:\users\sierra\onedrive - full sail university\previous classes\gdd-258\saiph\debug\saiph.tlog\cl.write.1.tlog
c:\users\sierra\onedrive - full sail university\previous classes\gdd-258\saiph\debug\saiph.tlog\link.command.1.tlog
c:\users\sierra\onedrive - full sail university\previous classes\gdd-258\saiph\debug\saiph.tlog\link.read.1.tlog
c:\users\sierra\onedrive - full sail university\previous classes\gdd-258\saiph\debug\saiph.tlog\link.write.1.tlog
c:\users\sierra\onedrive - full sail university\previous classes\gdd-258\saiph\debug\saiph.tlog\rc.command.1.tlog
c:\users\sierra\onedrive - full sail university\previous classes\gdd-258\saiph\debug\saiph.tlog\rc.read.1.tlog
c:\users\sierra\onedrive - full sail university\previous classes\gdd-258\saiph\debug\saiph.tlog\rc.write.1.tlog
